<?xml version="1.0" encoding="UTF-8"?>
<!-- Generated by org.testng.reporters.JUnitReportReporter -->
<testsuite hostname="Meena-Laptop" failures="0" tests="1" name="org.github.tests.login.GetSingleRepository" time="1.614" errors="0" timestamp="2024-11-09T00:14:06 CST" skipped="0">
  <testcase classname="org.github.tests.login.GetSingleRepository" name="validateGetData_InvalidRepositoryName" time="1.614"/>
  <system-out/>
</testsuite> <!-- org.github.tests.login.GetSingleRepository -->
