<?xml version="1.0" encoding="UTF-8"?>
<!-- Generated by org.testng.reporters.JUnitReportReporter -->
<testsuite hostname="Meena-Laptop" failures="0" tests="5" name="com.github.tests.CRUD.ValidateGitHubRepository_CRUD_Functionality" time="2.557" errors="0" timestamp="2024-11-10T19:46:18 CST" skipped="0">
  <testcase classname="com.github.tests.CRUD.ValidateGitHubRepository_CRUD_Functionality" name="validateAddRepositoryFunctionality" time="1.258"/>
  <system-out/>
  <testcase classname="com.github.tests.CRUD.ValidateGitHubRepository_CRUD_Functionality" name="validateAddRepositoryWithExistingName_Invalid" time="0.215"/>
  <system-out/>
  <testcase classname="com.github.tests.CRUD.ValidateGitHubRepository_CRUD_Functionality" name="validateUpdateRepositoryNameFunctionality" time="0.545"/>
  <system-out/>
  <testcase classname="com.github.tests.CRUD.ValidateGitHubRepository_CRUD_Functionality" name="validateDeleteRepositoryFunctionality" time="0.337"/>
  <system-out/>
  <testcase classname="com.github.tests.CRUD.ValidateGitHubRepository_CRUD_Functionality" name="validateDeleteRepository_NotExists" time="0.202"/>
  <system-out/>
</testsuite> <!-- com.github.tests.CRUD.ValidateGitHubRepository_CRUD_Functionality -->
