<?xml version="1.0" encoding="UTF-8"?>
<!-- Generated by org.testng.reporters.JUnitReportReporter -->
<testsuite hostname="Meena-Laptop" failures="0" tests="2" name="org.techArk.tests.login.ValidateLoginAPI_Functionality" time="3.892" errors="0" timestamp="2024-11-08T19:46:14 CST" skipped="0">
  <testcase classname="org.techArk.tests.login.ValidateLoginAPI_Functionality" name="validateLoginWithValidCredentials" time="3.720"/>
  <system-out/>
  <testcase classname="org.techArk.tests.login.ValidateLoginAPI_Functionality" name="validateLoginWithInValidCredentials" time="0.172"/>
  <system-out/>
</testsuite> <!-- org.techArk.tests.login.ValidateLoginAPI_Functionality -->
