<?xml version="1.0" encoding="UTF-8"?>
<!-- Generated by org.testng.reporters.JUnitReportReporter -->
<testsuite hostname="Meena-Laptop" failures="0" tests="3" name="com.github.tests.GETData.ValidateGitHub_GetRepository_Functionality" time="2.260" errors="0" timestamp="2024-11-10T19:46:18 CST" skipped="0">
  <testcase classname="com.github.tests.GETData.ValidateGitHub_GetRepository_Functionality" name="validateGetSingleRepository" time="1.431"/>
  <system-out/>
  <testcase classname="com.github.tests.GETData.ValidateGitHub_GetRepository_Functionality" name="validateGetData_InvalidRepositoryName" time="0.213"/>
  <system-out/>
  <testcase classname="com.github.tests.GETData.ValidateGitHub_GetRepository_Functionality" name="validateGetAllRepositories" time="0.616"/>
  <system-out/>
</testsuite> <!-- com.github.tests.GETData.ValidateGitHub_GetRepository_Functionality -->
