<?xml version="1.0" encoding="UTF-8"?>
<!-- Generated by org.testng.reporters.JUnitReportReporter -->
<testsuite hostname="Ksk_Tej_Vadgal" failures="0" tests="1" name="org.techArk.login.ValidateLoginAPI_Functionality" time="4.666" errors="0" timestamp="2024-02-26T21:07:08 EST" skipped="0">
  <testcase classname="org.techArk.login.ValidateLoginAPI_Functionality" name="validateLoginWithValidCredentials" time="4.666"/>
  <system-out/>
</testsuite> <!-- org.techArk.login.ValidateLoginAPI_Functionality -->
