<?xml version="1.0" encoding="UTF-8"?>
<!-- Generated by org.testng.reporters.JUnitReportReporter -->
<testsuite hostname="Ksk_Tej_Vadgal" failures="0" tests="4" name="org.techArk.addDataAndDeleteData.ValidateDeleteData_Functionality" time="24.044" errors="0" timestamp="2024-02-26T15:34:26 EST" skipped="0">
  <testcase classname="org.techArk.addDataAndDeleteData.ValidateDeleteData_Functionality" name="validateAddDataFunctionality" time="4.488"/>
  <system-out/>
  <testcase classname="org.techArk.addDataAndDeleteData.ValidateDeleteData_Functionality" name="validateAddedDataInGetData" time="5.297"/>
  <system-out/>
  <testcase classname="org.techArk.addDataAndDeleteData.ValidateDeleteData_Functionality" name="validateDeleteData" time="2.942"/>
  <system-out/>
  <testcase classname="org.techArk.addDataAndDeleteData.ValidateDeleteData_Functionality" name="validateDeletedDataInGetData" time="11.317"/>
  <system-out/>
</testsuite> <!-- org.techArk.addDataAndDeleteData.ValidateDeleteData_Functionality -->
