<?xml version="1.0" encoding="UTF-8"?>
<!-- Generated by org.testng.reporters.JUnitReportReporter -->
<testsuite hostname="Meena-Laptop" failures="0" tests="1" name="org.github.tests.CRUD.ValidateAddAndDeleteData_Functionality" time="1.339" errors="0" timestamp="2024-11-09T17:05:57 CST" skipped="0">
  <testcase classname="org.github.tests.CRUD.ValidateAddAndDeleteData_Functionality" name="validateDeleteRepository_NotExists" time="1.339"/>
  <system-out/>
</testsuite> <!-- org.github.tests.CRUD.ValidateAddAndDeleteData_Functionality -->
