<?xml version="1.0" encoding="UTF-8"?>
<!-- Generated by org.testng.reporters.JUnitReportReporter -->
<testsuite hostname="Meena-Laptop" failures="0" tests="3" name="com.github.tests.get.ValidateGitHub_GetRepository_Functionality" time="2.222" errors="0" timestamp="2024-11-10T18:37:40 CST" skipped="0">
  <testcase classname="com.github.tests.get.ValidateGitHub_GetRepository_Functionality" name="validateGetSingleRepository" time="1.383"/>
  <system-out/>
  <testcase classname="com.github.tests.get.ValidateGitHub_GetRepository_Functionality" name="validateGetData_InvalidRepositoryName" time="0.214"/>
  <system-out/>
  <testcase classname="com.github.tests.get.ValidateGitHub_GetRepository_Functionality" name="validateGetAllRepositories" time="0.625"/>
  <system-out/>
</testsuite> <!-- com.github.tests.get.ValidateGitHub_GetRepository_Functionality -->
